1610516672264	geckodriver	INFO	Listening on 127.0.0.1:56198
1610516675282	mozrunner::runner	INFO	Running command: "C:\\Program Files (x86)\\Mozilla Firefox\\firefox.exe" "--marionette" "-foreground" "-no-remote" "-profile" "C:\\Users\\CTEA\\AppData\\Local\\Temp\\rust_mozprofileiqY9Nw"
console.warn: SearchSettings: "get: No settings file exists, new profile?" (new Error("", "(unknown module)"))
1610516682367	Marionette	INFO	Listening on port 56206
1610516682819	Marionette	WARN	TLS certificate errors will be ignored for this session
1610516682838	Marionette	ERROR	[17] No reply from Marionette:Register
console.warn: SearchSettings: "get: No settings file exists, new profile?" (new Error("", "(unknown module)"))
JavaScript error: https://magento.com/ line 1551 > injectedScript, line 4: TypeError: window.optimizely is undefined
JavaScript error: https://fast.wistia.com/assets/external/E-v1.js, line 1: Error: POST https://pipedream.wistia.com/mput?topic=metrics - Got an unsuccessful status code: 0. 
JavaScript error: https://fast.wistia.com/assets/external/E-v1.js, line 1: Error: POST https://pipedream.wistia.com/mput?topic=metrics - Got an unsuccessful status code: 0. 
JavaScript error: https://fast.wistia.com/assets/external/E-v1.js, line 1: Error: POST https://pipedream.wistia.com/mput?topic=metrics - Got an unsuccessful status code: 0. 
JavaScript error: https://fast.wistia.com/assets/external/E-v1.js, line 1: Error: POST https://pipedream.wistia.com/mput?topic=metrics - Got an unsuccessful status code: 0. 
JavaScript error: https://fast.wistia.com/assets/external/E-v1.js, line 1: Error: POST https://pipedream.wistia.com/mput?topic=metrics - Got an unsuccessful status code: 0. 
JavaScript error: https://fast.wistia.com/assets/external/E-v1.js, line 1: Error: POST https://pipedream.wistia.com/mput?topic=metrics - Got an unsuccessful status code: 0. 
JavaScript error: https://magento.com/sites/default/files8/js/optimized/js_6PLu4riE-2dcDQ5QPzuCrl_1JQZAazd43aQw_AQJYoY.NROEkYn4usvpqyPEG8aHOOdMITfAvO-0w6gjNNafhMw.js?qleaka, line 8: TypeError: id is undefined
1610516704211	Marionette	WARN	TimedPromise timed out after 500 ms: stacktrace:
TimedPromise/<@chrome://marionette/content/sync.js:235:19
TimedPromise@chrome://marionette/content/sync.js:220:10
interaction.flushEventLoop@chrome://marionette/content/interaction.js:418:10
webdriverClickElement@chrome://marionette/content/interaction.js:179:31
JavaScript error: https://account.magento.com/customer/account/login?_ga=2.159501437.1909921408.1610516685-1225492786.1610516685, line 407: SyntaxError: redeclaration of const ssoEmailDomains
JavaScript error: https://account.magento.com/static/version20210112162518/frontend/McStore/base/en_US/jquery/jquery.validate.js, line 556: TypeError: $.validator.methods[method] is undefined
JavaScript error: https://account.magento.com/static/version20210112162518/frontend/McStore/base/en_US/jquery/jquery.validate.js, line 556: TypeError: $.validator.methods[method] is undefined
JavaScript error: https://account.magento.com/static/version20210112162518/frontend/McStore/base/en_US/jquery/jquery.validate.js, line 556: TypeError: $.validator.methods[method] is undefined
JavaScript error: https://account.magento.com/static/version20210112162518/frontend/McStore/base/en_US/jquery/jquery.validate.js, line 556: TypeError: $.validator.methods[method] is undefined
JavaScript error: https://account.magento.com/static/version20210112162518/frontend/McStore/base/en_US/jquery/jquery.validate.js, line 556: TypeError: $.validator.methods[method] is undefined
JavaScript error: https://account.magento.com/static/version20210112162518/frontend/McStore/base/en_US/requirejs/require.js, line 166: Error: Script error for: Magento_Customer/js/customer-data
http://requirejs.org/docs/errors.html#scripterror
JavaScript error: https://account.magento.com/static/version20210112162518/frontend/McStore/base/en_US/requirejs/require.js, line 166: Error: Script error for: Magento_Persistent/js/view/customer-data-mixin
http://requirejs.org/docs/errors.html#scripterror
JavaScript error: https://account.magento.com/customer/account/login/, line 407: SyntaxError: redeclaration of const ssoEmailDomains
1610516949874	Marionette	INFO	Stopped listening on port 56206

###!!! [Child][RunMessage] Error: Channel closing: too late to send/recv, messages will be lost

