1610788022392	geckodriver	INFO	Listening on 127.0.0.1:50342
1610788025349	mozrunner::runner	INFO	Running command: "C:\\Program Files (x86)\\Mozilla Firefox\\firefox.exe" "--marionette" "-foreground" "-no-remote" "-profile" "C:\\Users\\CTEA\\AppData\\Local\\Temp\\rust_mozprofile9ykcga"
console.warn: SearchSettings: "get: No settings file exists, new profile?" (new Error("", "(unknown module)"))
1610788029454	Marionette	INFO	Listening on port 50356
1610788029566	Marionette	WARN	TLS certificate errors will be ignored for this session
1610788029677	Marionette	ERROR	[21] No reply from Marionette:Register
console.warn: SearchSettings: "get: No settings file exists, new profile?" (new Error("", "(unknown module)"))
JavaScript error: https://sb.monetate.net/img/1/388/3250036.js, line 80: TypeError: MutationObserver.observe: Argument 1 is not an object.
JavaScript error: https://tags.tiqcdn.com/utag/rccl/gdp/prod/utag.538.js?utv=ut4.46.201910101911, line 5: ReferenceError: KAMPYLE_ONSITE_SDK is not defined
1610788040522	Marionette	WARN	TimedPromise timed out after 500 ms: stacktrace:
TimedPromise/<@chrome://marionette/content/sync.js:235:19
TimedPromise@chrome://marionette/content/sync.js:220:10
interaction.flushEventLoop@chrome://marionette/content/interaction.js:418:10
webdriverClickElement@chrome://marionette/content/interaction.js:179:31
1610788063374	Marionette	WARN	TimedPromise timed out after 500 ms: stacktrace:
TimedPromise/<@chrome://marionette/content/sync.js:235:19
TimedPromise@chrome://marionette/content/sync.js:220:10
interaction.flushEventLoop@chrome://marionette/content/interaction.js:418:10
webdriverClickElement@chrome://marionette/content/interaction.js:179:31
JavaScript error: chrome://global/content/elements/browser-custom-element.js, line 1642: Error: permitUnload is already running for this tab.
JavaScript error: resource://activity-stream/lib/ASRouter.jsm, line 987: NS_ERROR_ILLEGAL_VALUE: Component returned failure code: 0x80070057 (NS_ERROR_ILLEGAL_VALUE) [nsIObserverService.removeObserver]
1610791786974	Marionette	INFO	Stopped listening on port 50356

###!!! [Child][RunMessage] Error: Channel closing: too late to send/recv, messages will be lost

