1610514149713	geckodriver	INFO	Listening on 127.0.0.1:55054
1610514152734	mozrunner::runner	INFO	Running command: "C:\\Program Files (x86)\\Mozilla Firefox\\firefox.exe" "--marionette" "-foreground" "-no-remote" "-profile" "C:\\Users\\CTEA\\AppData\\Local\\Temp\\rust_mozprofileMhK8Dd"
console.warn: SearchSettings: "get: No settings file exists, new profile?" (new Error("", "(unknown module)"))
1610514158007	Marionette	INFO	Listening on port 55062
1610514158492	Marionette	WARN	TLS certificate errors will be ignored for this session
1610514158522	Marionette	ERROR	[21] No reply from Marionette:Register
1610514170768	Marionette	WARN	TimedPromise timed out after 500 ms: stacktrace:
TimedPromise/<@chrome://marionette/content/sync.js:235:19
TimedPromise@chrome://marionette/content/sync.js:220:10
interaction.flushEventLoop@chrome://marionette/content/interaction.js:418:10
webdriverClickElement@chrome://marionette/content/interaction.js:179:31
JavaScript error: https://magento.com/ line 1551 > injectedScript, line 4: TypeError: window.optimizely is undefined
JavaScript error: https://fast.wistia.com/assets/external/E-v1.js, line 1: Error: POST https://pipedream.wistia.com/mput?topic=metrics - Got an unsuccessful status code: 0. 
JavaScript error: https://fast.wistia.com/assets/external/E-v1.js, line 1: Error: POST https://pipedream.wistia.com/mput?topic=metrics - Got an unsuccessful status code: 0. 
JavaScript error: https://fast.wistia.com/assets/external/E-v1.js, line 1: Error: POST https://pipedream.wistia.com/mput?topic=metrics - Got an unsuccessful status code: 0. 
JavaScript error: https://fast.wistia.com/assets/external/E-v1.js, line 1: Error: POST https://pipedream.wistia.com/mput?topic=metrics - Got an unsuccessful status code: 0. 
JavaScript error: https://account.magento.com/customer/account/login?_ga=2.244193925.1238174905.1610514161-127734606.1610514161, line 407: SyntaxError: redeclaration of const ssoEmailDomains
JavaScript error: https://account.magento.com/static/version20210112162518/frontend/McStore/base/en_US/jquery/jquery.validate.js, line 556: TypeError: $.validator.methods[method] is undefined
JavaScript error: https://account.magento.com/static/version20210112162518/frontend/McStore/base/en_US/jquery/jquery.validate.js, line 556: TypeError: $.validator.methods[method] is undefined
JavaScript error: https://account.magento.com/static/version20210112162518/frontend/McStore/base/en_US/jquery/jquery.validate.js, line 556: TypeError: $.validator.methods[method] is undefined
JavaScript error: https://account.magento.com/static/version20210112162518/frontend/McStore/base/en_US/jquery/jquery.validate.js, line 556: TypeError: $.validator.methods[method] is undefined
JavaScript error: https://account.magento.com/static/version20210112162518/frontend/McStore/base/en_US/jquery/jquery.validate.js, line 556: TypeError: $.validator.methods[method] is undefined
JavaScript error: https://account.magento.com/static/version20210112162518/frontend/McStore/base/en_US/requirejs/require.js, line 166: Error: Script error for: Magento_Customer/js/customer-data
http://requirejs.org/docs/errors.html#scripterror
JavaScript error: https://account.magento.com/static/version20210112162518/frontend/McStore/base/en_US/requirejs/require.js, line 166: Error: Script error for: Magento_Persistent/js/view/customer-data-mixin
http://requirejs.org/docs/errors.html#scripterror
JavaScript error: https://account.magento.com/static/version20210112162518/frontend/McStore/base/en_US/requirejs/require.js, line 166: Error: Script error for: Magento_Ui/js/core/renderer/types
http://requirejs.org/docs/errors.html#scripterror
JavaScript error: https://account.magento.com/static/version20210112162518/frontend/McStore/base/en_US/requirejs/require.js, line 166: Error: Script error for: Magento_Ui/js/core/renderer/layout
http://requirejs.org/docs/errors.html#scripterror
JavaScript error: https://account.magento.com/customer/account/login/, line 407: SyntaxError: redeclaration of const ssoEmailDomains
console.error: "Error while calling actor 'pagestyle's method 'getApplied'" "sheet.ownerNode is null"
console.error: "getSheetText@resource://devtools/server/actors/style-sheet.js:76:21\n_getText@resource://devtools/server/actors/style-sheet.js:418:12\ngetText@resource://devtools/server/actors/style-sheet.js:401:17\ngetAuthoredCssText@resource://devtools/server/actors/style-rule.js:598:28\ngetApplied@resource://devtools/server/actors/page-style.js:586:18\n"
console.error: (new Error("Protocol error (TypeError): sheet.ownerNode is null from: server0.conn0.child3/pagestyle26 (resource://devtools/server/actors/style-sheet.js:76:21)", "resource://devtools/shared/protocol/Front.js", 361))
console.error: (new Error("Protocol error (TypeError): sheet.ownerNode is null from: server0.conn0.child3/pagestyle26 (resource://devtools/server/actors/style-sheet.js:76:21)", "resource://devtools/shared/protocol/Front.js", 361))
console.error: (new Error("Protocol error (TypeError): sheet.ownerNode is null from: server0.conn0.child3/pagestyle26 (resource://devtools/server/actors/style-sheet.js:76:21)", "resource://devtools/shared/protocol/Front.js", 361))
console.error: "Error while calling actor 'pagestyle's method 'getApplied'" "sheet.ownerNode is null"
console.error: "getSheetText@resource://devtools/server/actors/style-sheet.js:76:21\n_getText@resource://devtools/server/actors/style-sheet.js:418:12\ngetText@resource://devtools/server/actors/style-sheet.js:401:17\ngetAuthoredCssText@resource://devtools/server/actors/style-rule.js:598:28\ngetApplied@resource://devtools/server/actors/page-style.js:586:18\n"
console.error: (new Error("Protocol error (TypeError): sheet.ownerNode is null from: server0.conn0.child3/pagestyle26 (resource://devtools/server/actors/style-sheet.js:76:21)", "resource://devtools/shared/protocol/Front.js", 361))
IPDL protocol error: Handler returned error code!

###!!! [Parent][DispatchAsyncMessage] Error: PLayerTransaction::Msg_ReleaseLayer Processing error: message was deserialized, but the handler returned false (indicating failure)

IPDL protocol error: Handler returned error code!

###!!! [Parent][DispatchAsyncMessage] Error: PLayerTransaction::Msg_ReleaseLayer Processing error: message was deserialized, but the handler returned false (indicating failure)

IPDL protocol error: Handler returned error code!

###!!! [Parent][DispatchAsyncMessage] Error: PLayerTransaction::Msg_ReleaseLayer Processing error: message was deserialized, but the handler returned false (indicating failure)

IPDL protocol error: Handler returned error code!

###!!! [Parent][DispatchAsyncMessage] Error: PLayerTransaction::Msg_ReleaseLayer Processing error: message was deserialized, but the handler returned false (indicating failure)

IPDL protocol error: Handler returned error code!

###!!! [Parent][DispatchAsyncMessage] Error: PLayerTransaction::Msg_ReleaseLayer Processing error: message was deserialized, but the handler returned false (indicating failure)

IPDL protocol error: Handler returned error code!

###!!! [Parent][DispatchAsyncMessage] Error: PLayerTransaction::Msg_ReleaseLayer Processing error: message was deserialized, but the handler returned false (indicating failure)

IPDL protocol error: Handler returned error code!

###!!! [Parent][DispatchAsyncMessage] Error: PLayerTransaction::Msg_ReleaseLayer Processing error: message was deserialized, but the handler returned false (indicating failure)

IPDL protocol error: Handler returned error code!

###!!! [Parent][DispatchAsyncMessage] Error: PLayerTransaction::Msg_ReleaseLayer Processing error: message was deserialized, but the handler returned false (indicating failure)

IPDL protocol error: Handler returned error code!

###!!! [Parent][DispatchAsyncMessage] Error: PLayerTransaction::Msg_ReleaseLayer Processing error: message was deserialized, but the handler returned false (indicating failure)

IPDL protocol error: Handler returned error code!

###!!! [Parent][DispatchAsyncMessage] Error: PLayerTransaction::Msg_ReleaseLayer Processing error: message was deserialized, but the handler returned false (indicating failure)


###!!! [Child][RunMessage] Error: Channel closing: too late to send/recv, messages will be lost

[Parent 12000, IPC I/O Parent] WARNING: file /builds/worker/checkouts/gecko/ipc/chromium/src/base/process_util_win.cc:167
1610516388871	Marionette	INFO	Stopped listening on port 55062
